<?xml version="1.0" encoding="UTF-8" standalone="yes"?><!DOCTYPE report PUBLIC "-//JACOCO//DTD Report 1.0//EN" "report.dtd"><report name="HackerNewsUutiset"><sessioninfo id="Yoga-8a64a21e" start="1450007185802" dump="1450007190790"/><package name="com/mycompany/hackernewsuutiset"><class name="com/mycompany/hackernewsuutiset/HTTPClient"><method name="&lt;init&gt;" desc="()V" line="12"><counter type="INSTRUCTION" missed="3" covered="0"/><counter type="LINE" missed="1" covered="0"/><counter type="COMPLEXITY" missed="1" covered="0"/><counter type="METHOD" missed="1" covered="0"/></method><method name="callURL" desc="(Ljava/lang/String;)Ljava/lang/String;" line="14"><counter type="INSTRUCTION" missed="0" covered="61"/><counter type="BRANCH" missed="3" covered="3"/><counter type="LINE" missed="0" covered="17"/><counter type="COMPLEXITY" missed="3" covered="1"/><counter type="METHOD" missed="0" covered="1"/></method><method name="bufferedReader" desc="(Ljava/io/BufferedReader;Ljava/lang/StringBuilder;)V" line="36"><counter type="INSTRUCTION" missed="0" covered="17"/><counter type="BRANCH" missed="1" covered="3"/><counter type="LINE" missed="0" covered="5"/><counter type="COMPLEXITY" missed="1" covered="2"/><counter type="METHOD" missed="0" covered="1"/></method><counter type="INSTRUCTION" missed="3" covered="78"/><counter type="BRANCH" missed="4" covered="6"/><counter type="LINE" missed="1" covered="22"/><counter type="COMPLEXITY" missed="5" covered="3"/><counter type="METHOD" missed="1" covered="2"/><counter type="CLASS" missed="0" covered="1"/></class><class name="com/mycompany/hackernewsuutiset/HackerPaivanUutiset"><method name="&lt;init&gt;" desc="()V" line="10"><counter type="INSTRUCTION" missed="0" covered="6"/><counter type="LINE" missed="0" covered="2"/><counter type="COMPLEXITY" missed="0" covered="1"/><counter type="METHOD" missed="0" covered="1"/></method><method name="haeSuosituinUutinen" desc="()Ljava/lang/String;" line="18"><counter type="INSTRUCTION" missed="0" covered="61"/><counter type="LINE" missed="0" covered="8"/><counter type="COMPLEXITY" missed="0" covered="1"/><counter type="METHOD" missed="0" covered="1"/></method><method name="haeViimeisinUutinen" desc="()Ljava/lang/String;" line="30"><counter type="INSTRUCTION" missed="0" covered="61"/><counter type="LINE" missed="0" covered="8"/><counter type="COMPLEXITY" missed="0" covered="1"/><counter type="METHOD" missed="0" covered="1"/></method><method name="setDefault_url" desc="(Ljava/lang/String;)V" line="42"><counter type="INSTRUCTION" missed="0" covered="4"/><counter type="LINE" missed="0" covered="2"/><counter type="COMPLEXITY" missed="0" covered="1"/><counter type="METHOD" missed="0" covered="1"/></method><method name="&lt;clinit&gt;" desc="()V" line="12"><counter type="INSTRUCTION" missed="0" covered="5"/><counter type="LINE" missed="0" covered="1"/><counter type="COMPLEXITY" missed="0" covered="1"/><counter type="METHOD" missed="0" covered="1"/></method><counter type="INSTRUCTION" missed="0" covered="137"/><counter type="LINE" missed="0" covered="21"/><counter type="COMPLEXITY" missed="0" covered="5"/><counter type="METHOD" missed="0" covered="5"/><counter type="CLASS" missed="0" covered="1"/></class><class name="com/mycompany/hackernewsuutiset/Uutinen"><method name="&lt;init&gt;" desc="()V" line="4"><counter type="INSTRUCTION" missed="0" covered="3"/><counter type="LINE" missed="0" covered="1"/><counter type="COMPLEXITY" missed="0" covered="1"/><counter type="METHOD" missed="0" covered="1"/></method><method name="toString" desc="()Ljava/lang/String;" line="12"><counter type="INSTRUCTION" missed="0" covered="18"/><counter type="LINE" missed="0" covered="1"/><counter type="COMPLEXITY" missed="0" covered="1"/><counter type="METHOD" missed="0" covered="1"/></method><counter type="INSTRUCTION" missed="0" covered="21"/><counter type="LINE" missed="0" covered="2"/><counter type="COMPLEXITY" missed="0" covered="2"/><counter type="METHOD" missed="0" covered="2"/><counter type="CLASS" missed="0" covered="1"/></class><sourcefile name="HackerPaivanUutiset.java"><line nr="10" mi="0" ci="2" mb="0" cb="0"/><line nr="12" mi="0" ci="5" mb="0" cb="0"/><line nr="14" mi="0" ci="4" mb="0" cb="0"/><line nr="18" mi="0" ci="11" mb="0" cb="0"/><line nr="19" mi="0" ci="5" mb="0" cb="0"/><line nr="20" mi="0" ci="5" mb="0" cb="0"/><line nr="21" mi="0" ci="4" mb="0" cb="0"/><line nr="22" mi="0" ci="5" mb="0" cb="0"/><line nr="23" mi="0" ci="15" mb="0" cb="0"/><line nr="24" mi="0" ci="6" mb="0" cb="0"/><line nr="25" mi="0" ci="10" mb="0" cb="0"/><line nr="30" mi="0" ci="11" mb="0" cb="0"/><line nr="31" mi="0" ci="5" mb="0" cb="0"/><line nr="32" mi="0" ci="5" mb="0" cb="0"/><line nr="33" mi="0" ci="4" mb="0" cb="0"/><line nr="34" mi="0" ci="5" mb="0" cb="0"/><line nr="35" mi="0" ci="15" mb="0" cb="0"/><line nr="36" mi="0" ci="6" mb="0" cb="0"/><line nr="37" mi="0" ci="10" mb="0" cb="0"/><line nr="42" mi="0" ci="3" mb="0" cb="0"/><line nr="43" mi="0" ci="1" mb="0" cb="0"/><counter type="INSTRUCTION" missed="0" covered="137"/><counter type="LINE" missed="0" covered="21"/><counter type="COMPLEXITY" missed="0" covered="5"/><counter type="METHOD" missed="0" covered="5"/><counter type="CLASS" missed="0" covered="1"/></sourcefile><sourcefile name="HTTPClient.java"><line nr="12" mi="3" ci="0" mb="0" cb="0"/><line nr="14" mi="0" ci="4" mb="0" cb="0"/><line nr="15" mi="0" ci="2" mb="0" cb="0"/><line nr="16" mi="0" ci="2" mb="0" cb="0"/><line nr="18" mi="0" ci="5" mb="0" cb="0"/><line nr="19" mi="0" ci="3" mb="0" cb="0"/><line nr="20" mi="0" ci="2" mb="1" cb="1"/><line nr="21" mi="0" ci="3" mb="0" cb="0"/><line nr="22" mi="0" ci="5" mb="2" cb="2"/><line nr="23" mi="0" ci="4" mb="0" cb="0"/><line nr="24" mi="0" ci="3" mb="0" cb="0"/><line nr="25" mi="0" ci="5" mb="0" cb="0"/><line nr="26" mi="0" ci="3" mb="0" cb="0"/><line nr="28" mi="0" ci="2" mb="0" cb="0"/><line nr="29" mi="0" ci="1" mb="0" cb="0"/><line nr="30" mi="0" ci="13" mb="0" cb="0"/><line nr="31" mi="0" ci="1" mb="0" cb="0"/><line nr="32" mi="0" ci="3" mb="0" cb="0"/><line nr="36" mi="0" ci="2" mb="1" cb="1"/><line nr="38" mi="0" ci="6" mb="0" cb="2"/><line nr="39" mi="0" ci="6" mb="0" cb="0"/><line nr="41" mi="0" ci="2" mb="0" cb="0"/><line nr="43" mi="0" ci="1" mb="0" cb="0"/><counter type="INSTRUCTION" missed="3" covered="78"/><counter type="BRANCH" missed="4" covered="6"/><counter type="LINE" missed="1" covered="22"/><counter type="COMPLEXITY" missed="5" covered="3"/><counter type="METHOD" missed="1" covered="2"/><counter type="CLASS" missed="0" covered="1"/></sourcefile><sourcefile name="Uutinen.java"><line nr="4" mi="0" ci="3" mb="0" cb="0"/><line nr="12" mi="0" ci="18" mb="0" cb="0"/><counter type="INSTRUCTION" missed="0" covered="21"/><counter type="LINE" missed="0" covered="2"/><counter type="COMPLEXITY" missed="0" covered="2"/><counter type="METHOD" missed="0" covered="2"/><counter type="CLASS" missed="0" covered="1"/></sourcefile><counter type="INSTRUCTION" missed="3" covered="236"/><counter type="BRANCH" missed="4" covered="6"/><counter type="LINE" missed="1" covered="45"/><counter type="COMPLEXITY" missed="5" covered="10"/><counter type="METHOD" missed="1" covered="9"/><counter type="CLASS" missed="0" covered="3"/></package><counter type="INSTRUCTION" missed="3" covered="236"/><counter type="BRANCH" missed="4" covered="6"/><counter type="LINE" missed="1" covered="45"/><counter type="COMPLEXITY" missed="5" covered="10"/><counter type="METHOD" missed="1" covered="9"/><counter type="CLASS" missed="0" covered="3"/></report>